<?xml version="1.0" encoding="UTF-8"?>
<testng-results ignored="0" total="13" passed="11" failed="2" skipped="0">
  <reporter-output>
  </reporter-output>
  <suite started-at="2025-02-23T02:04:10 SGT" name="Default suite" finished-at="2025-02-23T02:04:16 SGT" duration-ms="6363">
    <groups>
      <group name="cucumber">
        <method signature="AbstractTestNGCucumberTests.runScenario(io.cucumber.testng.PickleWrapper, io.cucumber.testng.FeatureWrapper)[pri:0, instance:runnerFiles.TestRunner@72a7c7e0]" name="runScenario" class="io.cucumber.testng.AbstractTestNGCucumberTests"/>
      </group> <!-- cucumber -->
    </groups>
    <test started-at="2025-02-23T02:04:10 SGT" name="Default test" finished-at="2025-02-23T02:04:16 SGT" duration-ms="6363">
      <class name="runnerFiles.TestRunner">
        <test-method is-config="true" signature="setUpClass(org.testng.ITestContext)[pri:0, instance:runnerFiles.TestRunner@72a7c7e0]" started-at="2025-02-23T02:04:10 SGT" name="setUpClass" finished-at="2025-02-23T02:04:10 SGT" duration-ms="510" status="PASS">
          <params>
            <param index="0">
              <value>
                <![CDATA[org.testng.TestRunner@5a537a16]]>
              </value>
            </param>
          </params>
          <reporter-output>
          </reporter-output>
        </test-method> <!-- setUpClass -->
        <test-method signature="runScenario(io.cucumber.testng.PickleWrapper, io.cucumber.testng.FeatureWrapper)[pri:0, instance:runnerFiles.TestRunner@72a7c7e0]" started-at="2025-02-23T02:04:10 SGT" name="runScenario" description="Runs Cucumber Scenarios" data-provider="scenarios" finished-at="2025-02-23T02:04:13 SGT" duration-ms="2300" status="PASS">
          <params>
            <param index="0">
              <value>
                <![CDATA["User calls web service to get a book by its ISBN"]]>
              </value>
            </param>
            <param index="1">
              <value>
                <![CDATA["Optional[Get book by ISBN]"]]>
              </value>
            </param>
          </params>
          <reporter-output>
          </reporter-output>
        </test-method> <!-- runScenario -->
        <test-method signature="runScenario(io.cucumber.testng.PickleWrapper, io.cucumber.testng.FeatureWrapper)[pri:0, instance:runnerFiles.TestRunner@72a7c7e0]" started-at="2025-02-23T02:04:13 SGT" name="runScenario" description="Runs Cucumber Scenarios" data-provider="scenarios" finished-at="2025-02-23T02:04:13 SGT" duration-ms="396" status="PASS">
          <params>
            <param index="0">
              <value>
                <![CDATA["User retrieves a book and validates the publisher date field"]]>
              </value>
            </param>
            <param index="1">
              <value>
                <![CDATA["Optional[Get book by ISBN]"]]>
              </value>
            </param>
          </params>
          <reporter-output>
          </reporter-output>
        </test-method> <!-- runScenario -->
        <test-method signature="runScenario(io.cucumber.testng.PickleWrapper, io.cucumber.testng.FeatureWrapper)[pri:0, instance:runnerFiles.TestRunner@72a7c7e0]" started-at="2025-02-23T02:04:13 SGT" name="runScenario" description="Runs Cucumber Scenarios" data-provider="scenarios" finished-at="2025-02-23T02:04:14 SGT" duration-ms="1179" status="PASS">
          <params>
            <param index="0">
              <value>
                <![CDATA["User retrieves a book and validates the language field"]]>
              </value>
            </param>
            <param index="1">
              <value>
                <![CDATA["Optional[Get book by ISBN]"]]>
              </value>
            </param>
          </params>
          <reporter-output>
          </reporter-output>
        </test-method> <!-- runScenario -->
        <test-method signature="runScenario(io.cucumber.testng.PickleWrapper, io.cucumber.testng.FeatureWrapper)[pri:0, instance:runnerFiles.TestRunner@72a7c7e0]" started-at="2025-02-23T02:04:14 SGT" name="runScenario" description="Runs Cucumber Scenarios" data-provider="scenarios" finished-at="2025-02-23T02:04:15 SGT" duration-ms="381" status="PASS">
          <params>
            <param index="0">
              <value>
                <![CDATA["User retrieves a book and validates the ISBN field in response"]]>
              </value>
            </param>
            <param index="1">
              <value>
                <![CDATA["Optional[Get book by ISBN]"]]>
              </value>
            </param>
          </params>
          <reporter-output>
          </reporter-output>
        </test-method> <!-- runScenario -->
        <test-method signature="runScenario(io.cucumber.testng.PickleWrapper, io.cucumber.testng.FeatureWrapper)[pri:0, instance:runnerFiles.TestRunner@72a7c7e0]" started-at="2025-02-23T02:04:15 SGT" name="runScenario" description="Runs Cucumber Scenarios" data-provider="scenarios" finished-at="2025-02-23T02:04:15 SGT" duration-ms="398" status="FAIL">
          <params>
            <param index="0">
              <value>
                <![CDATA["User validates the response for an invalid ISBN (negative test)"]]>
              </value>
            </param>
            <param index="1">
              <value>
                <![CDATA["Optional[Get book by ISBN]"]]>
              </value>
            </param>
          </params>
          <exception class="java.lang.AssertionError">
            <message>
              <![CDATA[Status code does not match
Expected: <400>
     but: was <200>]]>
            </message>
            <full-stacktrace>
              <![CDATA[java.lang.AssertionError: Status code does not match
Expected: <400>
     but: was <200>
at org.hamcrest.MatcherAssert.assertThat(MatcherAssert.java:18)
at stepDefinitions.BookStepDefinitions.verify_status_code(BookStepDefinitions.java:75)
at ✽.the status code is 400(file:///C:/Users/NISHTHA%20MISHRA/OneDrive/Desktop/ETL_Automation_Data/src/test/java/cucumber_maven/featurestest/ApiResponse.feature:44)
]]>
            </full-stacktrace>
          </exception> <!-- java.lang.AssertionError -->
          <reporter-output>
          </reporter-output>
        </test-method> <!-- runScenario -->
        <test-method signature="runScenario(io.cucumber.testng.PickleWrapper, io.cucumber.testng.FeatureWrapper)[pri:0, instance:runnerFiles.TestRunner@72a7c7e0]" started-at="2025-02-23T02:04:15 SGT" name="runScenario" description="Runs Cucumber Scenarios" data-provider="scenarios" finished-at="2025-02-23T02:04:16 SGT" duration-ms="914" status="PASS">
          <params>
            <param index="0">
              <value>
                <![CDATA["Validate missing patient data"]]>
              </value>
            </param>
            <param index="1">
              <value>
                <![CDATA["Optional[Data Validation]"]]>
              </value>
            </param>
          </params>
          <reporter-output>
          </reporter-output>
        </test-method> <!-- runScenario -->
        <test-method signature="runScenario(io.cucumber.testng.PickleWrapper, io.cucumber.testng.FeatureWrapper)[pri:0, instance:runnerFiles.TestRunner@72a7c7e0]" started-at="2025-02-23T02:04:16 SGT" name="runScenario" description="Runs Cucumber Scenarios" data-provider="scenarios" finished-at="2025-02-23T02:04:16 SGT" duration-ms="32" status="FAIL">
          <params>
            <param index="0">
              <value>
                <![CDATA["Validate PatientID uniqueness"]]>
              </value>
            </param>
            <param index="1">
              <value>
                <![CDATA["Optional[Data Validation]"]]>
              </value>
            </param>
          </params>
          <exception class="java.lang.AssertionError">
            <message>
              <![CDATA[Duplicate PatientID found: P001]]>
            </message>
            <full-stacktrace>
              <![CDATA[java.lang.AssertionError: Duplicate PatientID found: P001
at org.junit.Assert.fail(Assert.java:89)
at stepDefinitions.Datavalidationsteps.i_should_see_no_duplicate_patient_ids(Datavalidationsteps.java:111)
at ✽.I should see no duplicate PatientIDs(file:///C:/Users/NISHTHA%20MISHRA/OneDrive/Desktop/ETL_Automation_Data/src/test/java/cucumber_maven/featurestest/MergeClaims.feature:12)
]]>
            </full-stacktrace>
          </exception> <!-- java.lang.AssertionError -->
          <reporter-output>
          </reporter-output>
        </test-method> <!-- runScenario -->
        <test-method signature="runScenario(io.cucumber.testng.PickleWrapper, io.cucumber.testng.FeatureWrapper)[pri:0, instance:runnerFiles.TestRunner@72a7c7e0]" started-at="2025-02-23T02:04:16 SGT" name="runScenario" description="Runs Cucumber Scenarios" data-provider="scenarios" finished-at="2025-02-23T02:04:16 SGT" duration-ms="35" status="PASS">
          <params>
            <param index="0">
              <value>
                <![CDATA["Validate PatientName length"]]>
              </value>
            </param>
            <param index="1">
              <value>
                <![CDATA["Optional[Data Validation]"]]>
              </value>
            </param>
          </params>
          <reporter-output>
          </reporter-output>
        </test-method> <!-- runScenario -->
        <test-method signature="runScenario(io.cucumber.testng.PickleWrapper, io.cucumber.testng.FeatureWrapper)[pri:0, instance:runnerFiles.TestRunner@72a7c7e0]" started-at="2025-02-23T02:04:16 SGT" name="runScenario" description="Runs Cucumber Scenarios" data-provider="scenarios" finished-at="2025-02-23T02:04:16 SGT" duration-ms="32" status="PASS">
          <params>
            <param index="0">
              <value>
                <![CDATA["Validate PatientName contains no special characters"]]>
              </value>
            </param>
            <param index="1">
              <value>
                <![CDATA["Optional[Data Validation]"]]>
              </value>
            </param>
          </params>
          <reporter-output>
          </reporter-output>
        </test-method> <!-- runScenario -->
        <test-method signature="runScenario(io.cucumber.testng.PickleWrapper, io.cucumber.testng.FeatureWrapper)[pri:0, instance:runnerFiles.TestRunner@72a7c7e0]" started-at="2025-02-23T02:04:16 SGT" name="runScenario" description="Runs Cucumber Scenarios" data-provider="scenarios" finished-at="2025-02-23T02:04:16 SGT" duration-ms="27" status="PASS">
          <params>
            <param index="0">
              <value>
                <![CDATA["Validate ClaimAmount greater than zero"]]>
              </value>
            </param>
            <param index="1">
              <value>
                <![CDATA["Optional[Data Validation]"]]>
              </value>
            </param>
          </params>
          <reporter-output>
          </reporter-output>
        </test-method> <!-- runScenario -->
        <test-method signature="runScenario(io.cucumber.testng.PickleWrapper, io.cucumber.testng.FeatureWrapper)[pri:0, instance:runnerFiles.TestRunner@72a7c7e0]" started-at="2025-02-23T02:04:16 SGT" name="runScenario" description="Runs Cucumber Scenarios" data-provider="scenarios" finished-at="2025-02-23T02:04:16 SGT" duration-ms="33" status="PASS">
          <params>
            <param index="0">
              <value>
                <![CDATA["Validate ClaimAmount not an outlier"]]>
              </value>
            </param>
            <param index="1">
              <value>
                <![CDATA["Optional[Data Validation]"]]>
              </value>
            </param>
          </params>
          <reporter-output>
          </reporter-output>
        </test-method> <!-- runScenario -->
        <test-method signature="runScenario(io.cucumber.testng.PickleWrapper, io.cucumber.testng.FeatureWrapper)[pri:0, instance:runnerFiles.TestRunner@72a7c7e0]" started-at="2025-02-23T02:04:16 SGT" name="runScenario" description="Runs Cucumber Scenarios" data-provider="scenarios" finished-at="2025-02-23T02:04:16 SGT" duration-ms="28" status="PASS">
          <params>
            <param index="0">
              <value>
                <![CDATA["Validate ClaimAmount logic for specific ClaimID"]]>
              </value>
            </param>
            <param index="1">
              <value>
                <![CDATA["Optional[Data Validation]"]]>
              </value>
            </param>
          </params>
          <reporter-output>
          </reporter-output>
        </test-method> <!-- runScenario -->
        <test-method signature="runScenario(io.cucumber.testng.PickleWrapper, io.cucumber.testng.FeatureWrapper)[pri:0, instance:runnerFiles.TestRunner@72a7c7e0]" started-at="2025-02-23T02:04:16 SGT" name="runScenario" description="Runs Cucumber Scenarios" data-provider="scenarios" finished-at="2025-02-23T02:04:16 SGT" duration-ms="27" status="PASS">
          <params>
            <param index="0">
              <value>
                <![CDATA["Validate ClaimID format"]]>
              </value>
            </param>
            <param index="1">
              <value>
                <![CDATA["Optional[Data Validation]"]]>
              </value>
            </param>
          </params>
          <reporter-output>
          </reporter-output>
        </test-method> <!-- runScenario -->
        <test-method is-config="true" signature="tearDownClass()[pri:0, instance:runnerFiles.TestRunner@72a7c7e0]" started-at="2025-02-23T02:04:16 SGT" name="tearDownClass" finished-at="2025-02-23T02:04:16 SGT" duration-ms="32" status="PASS">
          <reporter-output>
          </reporter-output>
        </test-method> <!-- tearDownClass -->
      </class> <!-- runnerFiles.TestRunner -->
    </test> <!-- Default test -->
  </suite> <!-- Default suite -->
</testng-results>
